[Info  - 06:44:38] Initialising intelephense 1.6.1
[Info  - 06:44:38] Initialised in 96 ms
[Warn  - 06:44:48] file:///var/www2/crud/vendor/fakerphp/faker/src/Faker/Provider/nl_BE/Text.php is over the maximum file size of 1000000 bytes.
[Info  - 06:44:48] Indexing started.
[Info  - 06:46:26] Indexing ended. 6155 files indexed in 97s.
[Info  - 06:46:26] Writing state to /var/www2/crud/~/.vscode-root/User/workspaceStorage/afdbeab9af21da3553a2cb5017252933/bmewburn.vscode-intelephense-client/44676f86.
[Info  - 06:46:31] Wrote state in 5.1s.
[Info  - 07:21:49] Indexing started.
[Info  - 07:21:50] Indexing ended. 1 files indexed in 0s.
[Info  - 07:21:56] Indexing started.
[Info  - 07:21:57] Indexing ended. 1 files indexed in 0s.
[Info  - 07:22:05] Indexing started.
[Info  - 07:22:05] Indexing ended. 1 files indexed in 0s.
[Info  - 08:14:21] Indexing started.
[Info  - 08:14:21] Indexing ended. 1 files indexed in 0s.
[Info  - 08:15:20] Indexing started.
[Info  - 08:15:20] Indexing ended. 1 files indexed in 0s.
[Info  - 08:33:58] Indexing started.
[Info  - 08:33:58] Indexing ended. 1 files indexed in 0s.
[Info  - 08:34:16] Indexing started.
[Info  - 08:34:16] Indexing ended. 1 files indexed in 0s.
[Info  - 08:34:56] Indexing started.
[Info  - 08:34:56] Indexing ended. 1 files indexed in 0s.
[Info  - 08:35:15] Indexing started.
[Info  - 08:35:15] Indexing ended. 1 files indexed in 0s.
[Info  - 08:35:38] Indexing started.
[Info  - 08:35:38] Indexing ended. 1 files indexed in 0s.
[Info  - 08:44:16] Indexing started.
[Info  - 08:44:16] Indexing ended. 1 files indexed in 0s.
[Info  - 08:45:57] Indexing started.
[Info  - 08:45:58] Indexing ended. 1 files indexed in 0s.
[Info  - 08:46:50] Indexing started.
[Info  - 08:46:50] Indexing ended. 1 files indexed in 0s.
[Info  - 09:34:50] Indexing started.
[Info  - 09:34:50] Indexing ended. 1 files indexed in 0s.
[Info  - 09:36:16] Indexing started.
[Info  - 09:36:16] Indexing ended. 1 files indexed in 0s.
[Info  - 09:37:55] Indexing started.
[Info  - 09:37:55] Indexing ended. 1 files indexed in 0s.
[Info  - 09:39:23] Indexing started.
[Info  - 09:39:24] Indexing ended. 1 files indexed in 0s.
[Info  - 09:39:54] Indexing started.
[Info  - 09:39:54] Indexing ended. 1 files indexed in 0s.
[Info  - 09:41:21] Indexing started.
[Info  - 09:41:21] Indexing ended. 1 files indexed in 0s.
[Info  - 09:41:34] Indexing started.
[Info  - 09:41:35] Indexing ended. 1 files indexed in 0s.
[Info  - 09:41:53] Indexing started.
[Info  - 09:41:53] Indexing ended. 1 files indexed in 0s.
[Info  - 09:42:14] Indexing started.
[Info  - 09:42:14] Indexing ended. 1 files indexed in 0s.
[Info  - 09:45:03] Indexing started.
[Info  - 09:45:04] Indexing ended. 1 files indexed in 0s.
[Info  - 09:47:57] Indexing started.
[Info  - 09:47:57] Indexing ended. 1 files indexed in 0s.
[Info  - 09:53:11] Indexing started.
[Info  - 09:53:11] Indexing ended. 1 files indexed in 0s.
[Info  - 09:54:09] Indexing started.
[Info  - 09:54:09] Indexing ended. 1 files indexed in 0s.
[Info  - 09:54:28] Indexing started.
[Info  - 09:54:28] Indexing ended. 1 files indexed in 0s.
[Info  - 09:56:09] Indexing started.
[Info  - 09:56:09] Indexing ended. 1 files indexed in 0s.
[Info  - 09:57:19] Indexing started.
[Info  - 09:57:19] Indexing ended. 2 files indexed in 0s.
[Info  - 10:01:47] Indexing started.
[Info  - 10:01:47] Indexing ended. 1 files indexed in 0s.
[Info  - 10:01:48] Indexing started.
[Info  - 10:01:49] Indexing ended. 1 files indexed in 0s.
[Info  - 10:03:43] Indexing started.
[Info  - 10:03:43] Indexing ended. 1 files indexed in 0s.
[Info  - 10:04:22] Indexing started.
[Info  - 10:04:22] Indexing ended. 1 files indexed in 0s.
[Info  - 10:12:08] Indexing started.
[Info  - 10:12:08] Indexing ended. 1 files indexed in 0s.
[Info  - 10:12:11] Indexing started.
[Info  - 10:12:11] Indexing ended. 1 files indexed in 0s.
[Info  - 10:12:47] Indexing started.
[Info  - 10:12:47] Indexing ended. 1 files indexed in 0s.
[Info  - 10:22:10] Indexing started.
[Info  - 10:22:10] Indexing ended. 1 files indexed in 0s.
[Info  - 10:22:25] Indexing started.
[Info  - 10:22:25] Indexing ended. 1 files indexed in 0s.
[Info  - 10:25:37] Indexing started.
[Info  - 10:25:37] Indexing ended. 1 files indexed in 0s.
[Info  - 10:25:52] Indexing started.
[Info  - 10:25:52] Indexing ended. 1 files indexed in 0s.
[Info  - 10:55:51] Indexing started.
[Info  - 10:55:51] Indexing ended. 1 files indexed in 0s.
[Info  - 10:56:09] Indexing started.
[Info  - 10:56:09] Indexing ended. 1 files indexed in 0s.
[Info  - 10:58:04] Indexing started.
[Info  - 10:58:05] Indexing ended. 1 files indexed in 0s.
[Info  - 10:58:30] Indexing started.
[Info  - 10:58:30] Indexing ended. 1 files indexed in 0s.
[Info  - 11:00:35] Indexing started.
[Info  - 11:00:35] Indexing ended. 1 files indexed in 0s.
[Info  - 11:03:12] Indexing started.
[Info  - 11:03:12] Indexing ended. 1 files indexed in 0s.
[Info  - 11:09:35] Indexing started.
[Info  - 11:09:35] Indexing ended. 1 files indexed in 0s.
[Info  - 11:19:23] Indexing started.
[Info  - 11:19:24] Indexing ended. 1 files indexed in 0s.
[Info  - 11:20:28] Indexing started.
[Info  - 11:20:29] Indexing ended. 1 files indexed in 0s.
[Info  - 11:22:27] Indexing started.
[Info  - 11:22:27] Indexing ended. 1 files indexed in 0s.
[Info  - 11:23:14] Indexing started.
[Info  - 11:23:14] Indexing ended. 1 files indexed in 0s.
[Info  - 11:24:50] Indexing started.
[Info  - 11:24:51] Indexing ended. 1 files indexed in 0s.
[Info  - 11:27:39] Indexing started.
[Info  - 11:27:40] Indexing ended. 1 files indexed in 0s.
[Info  - 11:28:30] Indexing started.
[Info  - 11:28:31] Indexing ended. 1 files indexed in 0s.
[Info  - 11:41:49] Indexing started.
[Info  - 11:41:49] Indexing ended. 1 files indexed in 0s.
[Info  - 11:43:29] Indexing started.
[Info  - 11:43:29] Indexing ended. 1 files indexed in 0s.
[Info  - 11:44:32] Indexing started.
[Info  - 11:44:33] Indexing ended. 1 files indexed in 0s.
[Info  - 11:45:30] Indexing started.
[Info  - 11:45:30] Indexing ended. 1 files indexed in 0s.
[Info  - 11:45:50] Indexing started.
[Info  - 11:45:50] Indexing ended. 1 files indexed in 0s.
[Info  - 11:46:47] Indexing started.
[Info  - 11:46:47] Indexing ended. 1 files indexed in 0s.
[Info  - 11:47:16] Indexing started.
[Info  - 11:47:16] Indexing ended. 1 files indexed in 0s.
[Info  - 11:47:28] Indexing started.
[Info  - 11:47:28] Indexing ended. 1 files indexed in 0s.
[Info  - 12:04:23] Indexing started.
[Info  - 12:04:24] Indexing ended. 1 files indexed in 0s.
[Info  - 12:06:10] Indexing started.
[Info  - 12:06:11] Indexing ended. 1 files indexed in 0s.
[Info  - 12:20:57] Indexing started.
[Info  - 12:20:57] Indexing ended. 1 files indexed in 0s.
[Info  - 12:21:18] Indexing started.
[Info  - 12:21:18] Indexing ended. 1 files indexed in 0s.
[Info  - 12:22:01] Indexing started.
[Info  - 12:22:02] Indexing ended. 1 files indexed in 0s.
[Info  - 12:22:24] Indexing started.
[Info  - 12:22:24] Indexing ended. 1 files indexed in 0s.
[Info  - 12:23:04] Indexing started.
[Info  - 12:23:04] Indexing ended. 1 files indexed in 0s.
[Info  - 12:23:47] Indexing started.
[Info  - 12:23:47] Indexing ended. 1 files indexed in 0s.
[Info  - 12:24:10] Indexing started.
[Info  - 12:24:10] Indexing ended. 1 files indexed in 0s.
[Info  - 12:24:33] Indexing started.
[Info  - 12:24:34] Indexing ended. 1 files indexed in 0s.
[Info  - 12:24:44] Indexing started.
[Info  - 12:24:45] Indexing ended. 1 files indexed in 0s.
[Info  - 12:30:07] Indexing started.
[Info  - 12:30:07] Indexing ended. 1 files indexed in 0s.
[Info  - 12:30:27] Indexing started.
[Info  - 12:30:27] Indexing ended. 1 files indexed in 0s.
[Info  - 12:30:39] Indexing started.
[Info  - 12:30:39] Indexing ended. 1 files indexed in 0s.
[Info  - 12:33:54] Indexing started.
[Info  - 12:33:54] Indexing ended. 1 files indexed in 0s.
[Info  - 12:34:12] Indexing started.
[Info  - 12:34:13] Indexing ended. 1 files indexed in 0s.
[Info  - 12:34:43] Indexing started.
[Info  - 12:34:44] Indexing ended. 1 files indexed in 0s.
[Info  - 12:36:43] Indexing started.
[Info  - 12:36:43] Indexing ended. 1 files indexed in 0s.
[Info  - 12:37:42] Indexing started.
[Info  - 12:37:42] Indexing ended. 1 files indexed in 0s.
[Info  - 12:38:42] Indexing started.
[Info  - 12:38:42] Indexing ended. 1 files indexed in 0s.
[Info  - 12:40:04] Indexing started.
[Info  - 12:40:04] Indexing ended. 1 files indexed in 0s.
[Info  - 12:40:27] Indexing started.
[Info  - 12:40:27] Indexing ended. 1 files indexed in 0s.
[Info  - 12:41:58] Indexing started.
[Info  - 12:41:58] Indexing ended. 1 files indexed in 0s.
[Info  - 12:45:51] Indexing started.
[Info  - 12:45:51] Indexing ended. 1 files indexed in 0s.
[Info  - 12:54:19] Indexing started.
[Info  - 12:54:20] Indexing ended. 1 files indexed in 0s.
[Info  - 12:56:14] Indexing started.
[Info  - 12:56:14] Indexing ended. 1 files indexed in 0s.
[Info  - 12:58:25] Indexing started.
[Info  - 12:58:25] Indexing ended. 1 files indexed in 0s.
[Info  - 12:59:20] Indexing started.
[Info  - 12:59:21] Indexing ended. 1 files indexed in 0s.
[Info  - 12:59:28] Indexing started.
[Info  - 12:59:29] Indexing ended. 1 files indexed in 0s.
[Info  - 13:02:32] Indexing started.
[Info  - 13:02:33] Indexing ended. 1 files indexed in 0s.
[Info  - 13:04:40] Indexing started.
[Info  - 13:04:40] Indexing ended. 1 files indexed in 0s.
[Info  - 13:05:52] Indexing started.
[Info  - 13:05:52] Indexing ended. 1 files indexed in 0s.
[Info  - 13:06:53] Indexing started.
[Info  - 13:06:53] Indexing ended. 1 files indexed in 0s.
[Info  - 13:07:18] Indexing started.
[Info  - 13:07:19] Indexing ended. 1 files indexed in 0s.
[Info  - 13:07:33] Indexing started.
[Info  - 13:07:33] Indexing ended. 1 files indexed in 0s.
[Info  - 13:08:10] Indexing started.
[Info  - 13:08:10] Indexing ended. 1 files indexed in 0s.
[Info  - 13:09:36] Indexing started.
[Info  - 13:09:36] Indexing ended. 1 files indexed in 0s.
[Info  - 13:10:03] Indexing started.
[Info  - 13:10:03] Indexing ended. 1 files indexed in 0s.
[Info  - 13:11:35] Indexing started.
[Info  - 13:11:35] Indexing ended. 1 files indexed in 0s.
[Info  - 13:12:22] Indexing started.
[Info  - 13:12:23] Indexing ended. 1 files indexed in 0s.
[Info  - 13:12:47] Indexing started.
[Info  - 13:12:47] Indexing ended. 1 files indexed in 0s.
[Info  - 13:13:42] Indexing started.
[Info  - 13:13:42] Indexing ended. 1 files indexed in 0s.
[Info  - 13:13:56] Indexing started.
[Info  - 13:13:56] Indexing ended. 1 files indexed in 0s.
[Info  - 13:14:41] Indexing started.
[Info  - 13:14:41] Indexing ended. 1 files indexed in 0s.
[Info  - 13:15:23] Indexing started.
[Info  - 13:15:23] Indexing ended. 1 files indexed in 0s.
[Info  - 13:15:55] Indexing started.
[Info  - 13:15:56] Indexing ended. 1 files indexed in 0s.
[Info  - 13:16:05] Indexing started.
[Info  - 13:16:05] Indexing ended. 1 files indexed in 0s.
[Info  - 13:44:12] Indexing started.
[Info  - 13:44:13] Indexing ended. 1 files indexed in 0s.
[Info  - 13:44:49] Indexing started.
[Info  - 13:44:49] Indexing ended. 1 files indexed in 0s.
[Info  - 13:46:08] Indexing started.
[Info  - 13:46:09] Indexing ended. 1 files indexed in 0s.
[Info  - 13:46:27] Indexing started.
[Info  - 13:46:27] Indexing ended. 1 files indexed in 0s.
[Info  - 13:46:50] Indexing started.
[Info  - 13:46:50] Indexing ended. 1 files indexed in 0s.
[Info  - 13:47:26] Indexing started.
[Info  - 13:47:27] Indexing ended. 1 files indexed in 0s.
[Info  - 13:47:56] Indexing started.
[Info  - 13:47:56] Indexing ended. 1 files indexed in 0s.
[Info  - 13:50:07] Indexing started.
[Info  - 13:50:07] Indexing ended. 1 files indexed in 0s.
[Info  - 13:51:13] Indexing started.
[Info  - 13:51:13] Indexing ended. 1 files indexed in 0s.
[Info  - 13:53:00] Indexing started.
[Info  - 13:53:00] Indexing ended. 1 files indexed in 0s.
[Info  - 13:53:59] Indexing started.
[Info  - 13:53:59] Indexing ended. 1 files indexed in 0s.
[Info  - 13:56:46] Indexing started.
[Info  - 13:56:46] Indexing ended. 1 files indexed in 0s.
[Info  - 13:57:48] Indexing started.
[Info  - 13:57:48] Indexing ended. 1 files indexed in 0s.
[Info  - 13:58:32] Indexing started.
[Info  - 13:58:32] Indexing ended. 1 files indexed in 0s.
[Info  - 13:59:29] Indexing started.
[Info  - 13:59:29] Indexing ended. 1 files indexed in 0s.
[Info  - 14:03:40] Indexing started.
[Info  - 14:03:40] Indexing ended. 1 files indexed in 0s.
[Info  - 14:05:23] Indexing started.
[Info  - 14:05:23] Indexing ended. 1 files indexed in 0s.
[Info  - 14:06:00] Indexing started.
[Info  - 14:06:00] Indexing ended. 1 files indexed in 0s.
[Info  - 14:07:00] Indexing started.
[Info  - 14:07:01] Indexing ended. 1 files indexed in 0s.
[Info  - 14:07:50] Indexing started.
[Info  - 14:07:50] Indexing ended. 1 files indexed in 0s.
[Info  - 14:08:17] Indexing started.
[Info  - 14:08:18] Indexing ended. 1 files indexed in 0s.
[Info  - 14:09:20] Indexing started.
[Info  - 14:09:21] Indexing ended. 1 files indexed in 0s.
[Info  - 14:10:08] Indexing started.
[Info  - 14:10:08] Indexing ended. 1 files indexed in 0s.
[Info  - 14:10:34] Indexing started.
[Info  - 14:10:34] Indexing ended. 1 files indexed in 0s.
[Info  - 14:11:55] Indexing started.
[Info  - 14:11:55] Indexing ended. 1 files indexed in 0s.
[Info  - 14:12:51] Indexing started.
[Info  - 14:12:51] Indexing ended. 1 files indexed in 0s.
[Info  - 14:13:41] Indexing started.
[Info  - 14:13:42] Indexing ended. 1 files indexed in 0s.
[Info  - 14:16:18] Indexing started.
[Info  - 14:16:19] Indexing ended. 1 files indexed in 0s.
[Info  - 14:26:54] Indexing started.
[Info  - 14:26:54] Indexing ended. 1 files indexed in 0s.
[Info  - 14:27:26] Indexing started.
[Info  - 14:27:26] Indexing ended. 1 files indexed in 0s.
[Info  - 14:35:57] Indexing started.
[Info  - 14:35:57] Indexing ended. 1 files indexed in 0s.
[Info  - 14:36:11] Indexing started.
[Info  - 14:36:11] Indexing ended. 1 files indexed in 0s.
[Info  - 14:36:47] Indexing started.
[Info  - 14:36:48] Indexing ended. 1 files indexed in 0s.
[Info  - 14:37:13] Indexing started.
[Info  - 14:37:13] Indexing ended. 1 files indexed in 0s.
[Info  - 14:37:55] Indexing started.
[Info  - 14:37:55] Indexing ended. 1 files indexed in 0s.
[Info  - 14:39:08] Indexing started.
[Info  - 14:39:08] Indexing ended. 1 files indexed in 0s.
[Info  - 14:41:13] Indexing started.
[Info  - 14:41:14] Indexing ended. 1 files indexed in 0s.
[Info  - 14:42:59] Indexing started.
[Info  - 14:42:59] Indexing ended. 1 files indexed in 0s.
[Info  - 14:46:45] Indexing started.
[Info  - 14:46:45] Indexing ended. 1 files indexed in 0s.
[Info  - 14:47:15] Indexing started.
[Info  - 14:47:15] Indexing ended. 1 files indexed in 0s.
[Info  - 14:47:38] Indexing started.
[Info  - 14:47:38] Indexing ended. 1 files indexed in 0s.
[Info  - 14:58:44] Indexing started.
[Info  - 14:58:44] Indexing ended. 1 files indexed in 0s.
[Info  - 15:00:44] Indexing started.
[Info  - 15:00:45] Indexing ended. 1 files indexed in 0s.
[Info  - 15:02:06] Indexing started.
[Info  - 15:02:06] Indexing ended. 1 files indexed in 0s.
[Info  - 15:28:59] Indexing started.
[Info  - 15:28:59] Indexing ended. 1 files indexed in 0s.
[Info  - 15:31:47] Indexing started.
[Info  - 15:31:47] Indexing ended. 1 files indexed in 0s.
[Info  - 15:37:34] Indexing started.
[Info  - 15:37:34] Indexing ended. 1 files indexed in 0s.
[Info  - 15:47:33] Indexing started.
[Info  - 15:47:34] Indexing ended. 1 files indexed in 0s.
[Info  - 15:48:08] Indexing started.
[Info  - 15:48:08] Indexing ended. 1 files indexed in 0s.
[Info  - 15:51:08] Indexing started.
[Info  - 15:51:09] Indexing ended. 1 files indexed in 0s.
